1657619030907	geckodriver	INFO	Listening on 127.0.0.1:59393
1657619034028	mozrunner::runner	INFO	Running command: "C:\\Program Files\\Mozilla Firefox\\firefox.exe" "--marionette" "--remote-debugging-port" "59394" "--remote-allow-hosts" "localhost" "-no-remote" "-profile" "C:\\Users\\knapd\\AppData\\Local\\Temp\\rust_mozprofile98wmee"
1657619037005	Marionette	INFO	Marionette enabled
1657619037011	Marionette	INFO	Listening on port 59403
WebDriver BiDi listening on ws://localhost:59394
Read port: 59403
1657619037666	RemoteAgent	WARN	TLS certificate errors will be ignored for this session
console.warn: SearchSettings: "get: No settings file exists, new profile?" (new NotFoundError("Could not open the file at C:\\Users\\knapd\\AppData\\Local\\Temp\\rust_mozprofile98wmee\\search.json.mozlz4", (void 0)))
DevTools listening on ws://localhost:59394/devtools/browser/fce05610-e98a-4254-a846-1f312b196f84
JavaScript warning: https://tags.refinery89.com/v2/soccerstatscom.js, line 869: unreachable code after return statement
JavaScript warning: https://pagead2.googlesyndication.com/bg/PBLy2ghsJAjz8SVbRXt3mPeTz3f3ksFMZv27m_PD6qM.js line 2 > eval line 5070 > eval line 1 > eval line 1 > eval, line 1: WEBGL_debug_renderer_info is deprecated in Firefox and will be removed. Please use RENDERER.
JavaScript warning: https://player.aniview.com/ssync/5e0e296628a061270b21ccab/ssync.html?pid=5e0e296628a061270b21ccab&r=https%3A%2F%2Fvisitor.omnitagjs.com%2Fvisitor%2Fsync%3Fuid%3De8ecb87ff2ef3a3b16ba16c51e7986ac%26visitor%3D%5BAV_UID%5D%26name%3DOPENWEB_VIDEO&gdpr=1&gdpr_consent=CPb_z8APb_z8AAKAqAENCXCsAP_AAH_AABpYI4Nd_X__bX9j-_5_aft0eY1P9_r37uQzDhfNs-8F3L_W_LwXw2E7NF36pq4KmR4Eu3LBIQNlHMHUTUmwaokVrzHsak2cpyNKJ7JEknMZO2dYGF9Pn9lDuYKY7_5_9_bx2D-t_9_-39T378Xf3_dp_2_--vCfV599jfn9fV_789KP___9v-_8__________38EbwCTDVuIAuzLHBk0DCKFECMKwkKoFABBQDC0RWADg4KdlYBLrCFgAgFSEYEQIMQUYMAgAEEgCQiICQAsEAiAIgEAAIAEQCEABEwCCwAsDAIAAQDQsQAoABAkIMiAiOUwICoEgoJbKxBKCvY0wgDrPACgURsVAAiSQEUgICQsHAcASAl4skDTFC-QAjBCgFEAAAA.f-gAAAAAAAAA, line 62: unreachable code after return statement
JavaScript warning: https://player.aniview.com/ssync/5e0e296628a061270b21ccab/ssync.html?pid=5e0e296628a061270b21ccab&r=https%3A%2F%2Fvisitor.omnitagjs.com%2Fvisitor%2Fsync%3Fuid%3De8ecb87ff2ef3a3b16ba16c51e7986ac%26visitor%3D%5BAV_UID%5D%26name%3DOPENWEB_VIDEO&gdpr=1&gdpr_consent=CPb_z8APb_z8AAKAqAENCXCsAP_AAH_AABpYI4Nd_X__bX9j-_5_aft0eY1P9_r37uQzDhfNs-8F3L_W_LwXw2E7NF36pq4KmR4Eu3LBIQNlHMHUTUmwaokVrzHsak2cpyNKJ7JEknMZO2dYGF9Pn9lDuYKY7_5_9_bx2D-t_9_-39T378Xf3_dp_2_--vCfV599jfn9fV_789KP___9v-_8__________38EbwCTDVuIAuzLHBk0DCKFECMKwkKoFABBQDC0RWADg4KdlYBLrCFgAgFSEYEQIMQUYMAgAEEgCQiICQAsEAiAIgEAAIAEQCEABEwCCwAsDAIAAQDQsQAoABAkIMiAiOUwICoEgoJbKxBKCvY0wgDrPACgURsVAAiSQEUgICQsHAcASAl4skDTFC-QAjBCgFEAAAA.f-gAAAAAAAAA, line 62: unreachable code after return statement
1657619069312	Marionette	INFO	Stopped listening on port 59403
JavaScript error: , line 0: TypeError: NetworkError when attempting to fetch resource.
JavaScript error: , line 0: TypeError: NetworkError when attempting to fetch resource.
console.warn: TopSitesFeed: Failed to fetch data from Contile server: NetworkError when attempting to fetch resource.
[Parent 2952, IPC I/O Parent] WARNING: file /builds/worker/checkouts/gecko/ipc/chromium/src/base/process_util_win.cc:167
1657619073215	geckodriver	INFO	Listening on 127.0.0.1:62813
1657619076304	mozrunner::runner	INFO	Running command: "C:\\Program Files\\Mozilla Firefox\\firefox.exe" "--marionette" "--remote-debugging-port" "62814" "--remote-allow-hosts" "localhost" "-no-remote" "-profile" "C:\\Users\\knapd\\AppData\\Local\\Temp\\rust_mozprofileaO9bis"
1657619076797	Marionette	INFO	Marionette enabled
1657619076802	Marionette	INFO	Listening on port 62824
WebDriver BiDi listening on ws://localhost:62814
Read port: 62824
1657619077524	RemoteAgent	WARN	TLS certificate errors will be ignored for this session
console.warn: SearchSettings: "get: No settings file exists, new profile?" (new NotFoundError("Could not open the file at C:\\Users\\knapd\\AppData\\Local\\Temp\\rust_mozprofileaO9bis\\search.json.mozlz4", (void 0)))
DevTools listening on ws://localhost:62814/devtools/browser/fa5797a1-a367-497f-b2e3-a9052d09dd49
JavaScript warning: https://tags.refinery89.com/v2/soccerstatscom.js, line 869: unreachable code after return statement
JavaScript warning: https://pagead2.googlesyndication.com/bg/PBLy2ghsJAjz8SVbRXt3mPeTz3f3ksFMZv27m_PD6qM.js line 2 > eval line 6416 > eval line 1 > eval line 1 > eval, line 1: WEBGL_debug_renderer_info is deprecated in Firefox and will be removed. Please use RENDERER.
JavaScript warning: https://pagead2.googlesyndication.com/bg/PBLy2ghsJAjz8SVbRXt3mPeTz3f3ksFMZv27m_PD6qM.js line 2 > eval line 6344 > eval line 1 > eval line 1 > eval, line 1: WEBGL_debug_renderer_info is deprecated in Firefox and will be removed. Please use RENDERER.
JavaScript warning: https://pagead2.googlesyndication.com/bg/PBLy2ghsJAjz8SVbRXt3mPeTz3f3ksFMZv27m_PD6qM.js line 2 > eval line 1789 > eval line 1 > eval line 1 > eval, line 1: WEBGL_debug_renderer_info is deprecated in Firefox and will be removed. Please use RENDERER.
JavaScript warning: https://pagead2.googlesyndication.com/bg/PBLy2ghsJAjz8SVbRXt3mPeTz3f3ksFMZv27m_PD6qM.js line 2 > eval line 2226 > eval line 1 > eval line 1 > eval, line 1: WEBGL_debug_renderer_info is deprecated in Firefox and will be removed. Please use RENDERER.
JavaScript error: , line 0: uncaught exception: 7
JavaScript warning: https://tags.refinery89.com/v2/soccerstatscom.js, line 869: unreachable code after return statement
JavaScript error: , line 0: TypeError: NetworkError when attempting to fetch resource.
JavaScript warning: https://pagead2.googlesyndication.com/bg/PBLy2ghsJAjz8SVbRXt3mPeTz3f3ksFMZv27m_PD6qM.js line 2 > eval line 5771 > eval line 1 > eval line 1 > eval, line 1: WEBGL_debug_renderer_info is deprecated in Firefox and will be removed. Please use RENDERER.
JavaScript warning: https://pagead2.googlesyndication.com/bg/PBLy2ghsJAjz8SVbRXt3mPeTz3f3ksFMZv27m_PD6qM.js line 2 > eval line 511 > eval line 1 > eval line 1 > eval, line 1: WEBGL_debug_renderer_info is deprecated in Firefox and will be removed. Please use RENDERER.
1657619097131	Marionette	INFO	Stopped listening on port 62824
JavaScript error: , line 0: TypeError: NetworkError when attempting to fetch resource.
JavaScript error: , line 0: TypeError: NetworkError when attempting to fetch resource.
1657619146746	geckodriver	INFO	Listening on 127.0.0.1:54540
1657619149953	mozrunner::runner	INFO	Running command: "C:\\Program Files\\Mozilla Firefox\\firefox.exe" "--marionette" "--remote-debugging-port" "54541" "--remote-allow-hosts" "localhost" "-no-remote" "-profile" "C:\\Users\\knapd\\AppData\\Local\\Temp\\rust_mozprofile5x4maw"
1657619150469	Marionette	INFO	Marionette enabled
1657619150474	Marionette	INFO	Listening on port 54550
WebDriver BiDi listening on ws://localhost:54541
Read port: 54550
1657619151194	RemoteAgent	WARN	TLS certificate errors will be ignored for this session
console.warn: SearchSettings: "get: No settings file exists, new profile?" (new NotFoundError("Could not open the file at C:\\Users\\knapd\\AppData\\Local\\Temp\\rust_mozprofile5x4maw\\search.json.mozlz4", (void 0)))
DevTools listening on ws://localhost:54541/devtools/browser/aeac9953-1015-4e80-8293-d38003414997
JavaScript warning: https://tags.refinery89.com/v2/soccerstatscom.js, line 869: unreachable code after return statement
1657619166514	Marionette	INFO	Stopped listening on port 54550
[Parent 11308, IPC I/O Parent] WARNING: DuplicateHandle failed for handle 0 in TransferHandles: file /builds/worker/checkouts/gecko/ipc/chromium/src/chrome/common/ipc_channel_win.cc:723
1657619735154	geckodriver	INFO	Listening on 127.0.0.1:54771
1657619738256	mozrunner::runner	INFO	Running command: "C:\\Program Files\\Mozilla Firefox\\firefox.exe" "--marionette" "--remote-debugging-port" "54772" "--remote-allow-hosts" "localhost" "-no-remote" "-profile" "C:\\Users\\knapd\\AppData\\Local\\Temp\\rust_mozprofileL3ip1P"
1657619738673	Marionette	INFO	Marionette enabled
1657619738678	Marionette	INFO	Listening on port 54782
WebDriver BiDi listening on ws://localhost:54772
Read port: 54782
1657619739111	RemoteAgent	WARN	TLS certificate errors will be ignored for this session
console.warn: SearchSettings: "get: No settings file exists, new profile?" (new NotFoundError("Could not open the file at C:\\Users\\knapd\\AppData\\Local\\Temp\\rust_mozprofileL3ip1P\\search.json.mozlz4", (void 0)))
DevTools listening on ws://localhost:54772/devtools/browser/60a4692e-4880-47eb-83eb-f9c32876d26f
JavaScript warning: https://tags.refinery89.com/v2/soccerstatscom.js, line 869: unreachable code after return statement
1657619750104	Marionette	INFO	Stopped listening on port 54782
console.warn: TopSitesFeed: Failed to fetch data from Contile server: NetworkError when attempting to fetch resource.
JavaScript error: resource://gre/modules/UrlClassifierListManager.jsm, line 694: TypeError: this.tablesData[table] is undefined
[Parent 16212, IPC I/O Parent] WARNING: file /builds/worker/checkouts/gecko/ipc/chromium/src/base/process_util_win.cc:167
1657619808870	geckodriver	INFO	Listening on 127.0.0.1:54902
1657619811931	mozrunner::runner	INFO	Running command: "C:\\Program Files\\Mozilla Firefox\\firefox.exe" "--marionette" "--remote-debugging-port" "54903" "--remote-allow-hosts" "localhost" "-no-remote" "-profile" "C:\\Users\\knapd\\AppData\\Local\\Temp\\rust_mozprofile0Vo2u6"
1657619812306	Marionette	INFO	Marionette enabled
1657619812312	Marionette	INFO	Listening on port 54912
WebDriver BiDi listening on ws://localhost:54903
Read port: 54912
1657619812777	RemoteAgent	WARN	TLS certificate errors will be ignored for this session
console.warn: SearchSettings: "get: No settings file exists, new profile?" (new NotFoundError("Could not open the file at C:\\Users\\knapd\\AppData\\Local\\Temp\\rust_mozprofile0Vo2u6\\search.json.mozlz4", (void 0)))
DevTools listening on ws://localhost:54903/devtools/browser/60efa212-a392-403b-9673-480202fe365c
JavaScript warning: https://tags.refinery89.com/v2/soccerstatscom.js, line 869: unreachable code after return statement
1657619821876	Marionette	INFO	Stopped listening on port 54912
JavaScript error: resource://gre/modules/UrlClassifierListManager.jsm, line 694: TypeError: this.tablesData[table] is undefined
console.warn: TopSitesFeed: Failed to fetch data from Contile server: NetworkError when attempting to fetch resource.
1657620394658	geckodriver	INFO	Listening on 127.0.0.1:55122
1657620397692	mozrunner::runner	INFO	Running command: "C:\\Program Files\\Mozilla Firefox\\firefox.exe" "--marionette" "--remote-debugging-port" "55123" "--remote-allow-hosts" "localhost" "-no-remote" "-profile" "C:\\Users\\knapd\\AppData\\Local\\Temp\\rust_mozprofileuCGPDt"
1657620398107	Marionette	INFO	Marionette enabled
1657620398111	Marionette	INFO	Listening on port 55132
WebDriver BiDi listening on ws://localhost:55123
Read port: 55132
1657620398563	RemoteAgent	WARN	TLS certificate errors will be ignored for this session
console.warn: SearchSettings: "get: No settings file exists, new profile?" (new NotFoundError("Could not open the file at C:\\Users\\knapd\\AppData\\Local\\Temp\\rust_mozprofileuCGPDt\\search.json.mozlz4", (void 0)))
DevTools listening on ws://localhost:55123/devtools/browser/63faddcf-ab06-4696-8143-2f890d51d169
JavaScript error: https://media.ethicalads.io/media/client/v1.4.0/ethicalads.min.js, line 1: Error: No ad placements found.
JavaScript error: resource:///actors/FormValidationChild.jsm, line 184: TypeError: this._element is null
1657620408333	Marionette	INFO	Stopped listening on port 55132
JavaScript error: resource://gre/modules/UrlClassifierListManager.jsm, line 694: TypeError: this.tablesData[table] is undefined
1657620441005	geckodriver	INFO	Listening on 127.0.0.1:55189
1657620444094	mozrunner::runner	INFO	Running command: "C:\\Program Files\\Mozilla Firefox\\firefox.exe" "--marionette" "--remote-debugging-port" "55190" "--remote-allow-hosts" "localhost" "-no-remote" "-profile" "C:\\Users\\knapd\\AppData\\Local\\Temp\\rust_mozprofiletTPVST"
1657620444458	Marionette	INFO	Marionette enabled
1657620444463	Marionette	INFO	Listening on port 55200
WebDriver BiDi listening on ws://localhost:55190
Read port: 55200
1657620444895	RemoteAgent	WARN	TLS certificate errors will be ignored for this session
console.warn: SearchSettings: "get: No settings file exists, new profile?" (new NotFoundError("Could not open the file at C:\\Users\\knapd\\AppData\\Local\\Temp\\rust_mozprofiletTPVST\\search.json.mozlz4", (void 0)))
DevTools listening on ws://localhost:55190/devtools/browser/779d8d85-2d90-4f3a-9dfe-a14b25dfceec
JavaScript warning: https://tags.refinery89.com/v2/soccerstatscom.js, line 869: unreachable code after return statement
1657620454785	Marionette	INFO	Stopped listening on port 55200
JavaScript error: resource://gre/modules/UrlClassifierListManager.jsm, line 694: TypeError: this.tablesData[table] is undefined
console.warn: TopSitesFeed: Failed to fetch data from Contile server: NetworkError when attempting to fetch resource.
[Parent 8988, IPC I/O Parent] WARNING: file /builds/worker/checkouts/gecko/ipc/chromium/src/base/process_util_win.cc:167
1657620478917	geckodriver	INFO	Listening on 127.0.0.1:55313
1657620481997	mozrunner::runner	INFO	Running command: "C:\\Program Files\\Mozilla Firefox\\firefox.exe" "--marionette" "--remote-debugging-port" "55314" "--remote-allow-hosts" "localhost" "-no-remote" "-profile" "C:\\Users\\knapd\\AppData\\Local\\Temp\\rust_mozprofile7LKoYF"
1657620482348	Marionette	INFO	Marionette enabled
1657620482352	Marionette	INFO	Listening on port 55324
WebDriver BiDi listening on ws://localhost:55314
Read port: 55324
1657620482767	RemoteAgent	WARN	TLS certificate errors will be ignored for this session
console.warn: SearchSettings: "get: No settings file exists, new profile?" (new NotFoundError("Could not open the file at C:\\Users\\knapd\\AppData\\Local\\Temp\\rust_mozprofile7LKoYF\\search.json.mozlz4", (void 0)))
DevTools listening on ws://localhost:55314/devtools/browser/84e12a02-b527-4949-ab52-a8b7407d621d
JavaScript error: https://media.ethicalads.io/media/client/v1.4.0/ethicalads.min.js, line 1: Error: No ad placements found.
JavaScript error: resource:///actors/FormValidationChild.jsm, line 184: TypeError: this._element is null
JavaScript error: , line 0: NotFoundError: No such JSWindowActor 'DevToolsFrame'
1657620511044	Marionette	INFO	Stopped listening on port 55324
console.warn: TopSitesFeed: Failed to fetch data from Contile server: NetworkError when attempting to fetch resource.
!!! error running onStopped callback: TypeError: callback is not a function
1657624005393	geckodriver	INFO	Listening on 127.0.0.1:53707
1657624008354	mozrunner::runner	INFO	Running command: "C:\\Program Files\\Mozilla Firefox\\firefox.exe" "--marionette" "--remote-debugging-port" "53708" "--remote-allow-hosts" "localhost" "-no-remote" "-profile" "C:\\Users\\knapd\\AppData\\Local\\Temp\\rust_mozprofile0ew6hh"
1657624010705	Marionette	INFO	Marionette enabled
1657624010711	Marionette	INFO	Listening on port 53727
WebDriver BiDi listening on ws://localhost:53708
Read port: 53727
1657624011536	RemoteAgent	WARN	TLS certificate errors will be ignored for this session
console.warn: SearchSettings: "get: No settings file exists, new profile?" (new NotFoundError("Could not open the file at C:\\Users\\knapd\\AppData\\Local\\Temp\\rust_mozprofile0ew6hh\\search.json.mozlz4", (void 0)))
DevTools listening on ws://localhost:53708/devtools/browser/6c8d64b5-d273-450a-afc6-c1646fe3a4e8
JavaScript error: https://media.ethicalads.io/media/client/v1.4.0/ethicalads.min.js, line 1: Error: No ad placements found.
JavaScript error: resource:///actors/FormValidationChild.jsm, line 184: TypeError: this._element is null
JavaScript error: , line 0: NS_ERROR_NOT_AVAILABLE
1657628131394	Marionette	INFO	Stopped listening on port 53727
console.warn: TopSitesFeed: Failed to fetch data from Contile server: NetworkError when attempting to fetch resource.
[Parent 15808, IPC I/O Parent] WARNING: file /builds/worker/checkouts/gecko/ipc/chromium/src/base/process_util_win.cc:167
1657628901415	geckodriver	INFO	Listening on 127.0.0.1:53980
1657628904544	mozrunner::runner	INFO	Running command: "C:\\Program Files\\Mozilla Firefox\\firefox.exe" "--marionette" "--remote-debugging-port" "53981" "--remote-allow-hosts" "localhost" "-no-remote" "-profile" "C:\\Users\\knapd\\AppData\\Local\\Temp\\rust_mozprofilesyj7bC"
1657628904957	Marionette	INFO	Marionette enabled
1657628904962	Marionette	INFO	Listening on port 53990
WebDriver BiDi listening on ws://localhost:53981
Read port: 53990
1657628905418	RemoteAgent	WARN	TLS certificate errors will be ignored for this session
console.warn: SearchSettings: "get: No settings file exists, new profile?" (new NotFoundError("Could not open the file at C:\\Users\\knapd\\AppData\\Local\\Temp\\rust_mozprofilesyj7bC\\search.json.mozlz4", (void 0)))
DevTools listening on ws://localhost:53981/devtools/browser/11634b28-f33b-467f-8740-fdf7c73fe5a8
JavaScript error: https://media.ethicalads.io/media/client/v1.4.0/ethicalads.min.js, line 1: Error: No ad placements found.
JavaScript error: resource:///actors/FormValidationChild.jsm, line 184: TypeError: this._element is null
1657628914180	Marionette	INFO	Stopped listening on port 53990
console.warn: TopSitesFeed: Failed to fetch data from Contile server: NetworkError when attempting to fetch resource.
JavaScript error: resource://gre/modules/UrlClassifierListManager.jsm, line 694: TypeError: this.tablesData[table] is undefined
1657628939775	geckodriver	INFO	Listening on 127.0.0.1:54067
1657628942854	mozrunner::runner	INFO	Running command: "C:\\Program Files\\Mozilla Firefox\\firefox.exe" "--marionette" "--remote-debugging-port" "54068" "--remote-allow-hosts" "localhost" "-no-remote" "-profile" "C:\\Users\\knapd\\AppData\\Local\\Temp\\rust_mozprofileUTBtX4"
1657628943207	Marionette	INFO	Marionette enabled
1657628943212	Marionette	INFO	Listening on port 54077
WebDriver BiDi listening on ws://localhost:54068
Read port: 54077
1657628943780	RemoteAgent	WARN	TLS certificate errors will be ignored for this session
console.warn: SearchSettings: "get: No settings file exists, new profile?" (new NotFoundError("Could not open the file at C:\\Users\\knapd\\AppData\\Local\\Temp\\rust_mozprofileUTBtX4\\search.json.mozlz4", (void 0)))
DevTools listening on ws://localhost:54068/devtools/browser/01c94da2-0678-4cef-8dba-0edcf73e85e1
JavaScript error: https://media.ethicalads.io/media/client/v1.4.0/ethicalads.min.js, line 1: Error: No ad placements found.
JavaScript error: resource:///actors/FormValidationChild.jsm, line 184: TypeError: this._element is null
1657628953155	Marionette	INFO	Stopped listening on port 54077
console.warn: TopSitesFeed: Failed to fetch data from Contile server: NetworkError when attempting to fetch resource.
1657629000369	geckodriver	INFO	Listening on 127.0.0.1:54132
1657629003439	mozrunner::runner	INFO	Running command: "C:\\Program Files\\Mozilla Firefox\\firefox.exe" "--marionette" "--remote-debugging-port" "54133" "--remote-allow-hosts" "localhost" "-no-remote" "-profile" "C:\\Users\\knapd\\AppData\\Local\\Temp\\rust_mozprofilexD2PRH"
1657629003780	Marionette	INFO	Marionette enabled
1657629003784	Marionette	INFO	Listening on port 54142
WebDriver BiDi listening on ws://localhost:54133
Read port: 54142
1657629004360	RemoteAgent	WARN	TLS certificate errors will be ignored for this session
console.warn: SearchSettings: "get: No settings file exists, new profile?" (new NotFoundError("Could not open the file at C:\\Users\\knapd\\AppData\\Local\\Temp\\rust_mozprofilexD2PRH\\search.json.mozlz4", (void 0)))
1657629042199	geckodriver	INFO	Listening on 127.0.0.1:54160
1657629045286	mozrunner::runner	INFO	Running command: "C:\\Program Files\\Mozilla Firefox\\firefox.exe" "--marionette" "--remote-debugging-port" "54161" "--remote-allow-hosts" "localhost" "-no-remote" "-profile" "C:\\Users\\knapd\\AppData\\Local\\Temp\\rust_mozprofilemseMPd"
1657629045676	Marionette	INFO	Marionette enabled
1657629045681	Marionette	INFO	Listening on port 54172
WebDriver BiDi listening on ws://localhost:54161
Read port: 54172
1657629046191	RemoteAgent	WARN	TLS certificate errors will be ignored for this session
console.warn: SearchSettings: "get: No settings file exists, new profile?" (new NotFoundError("Could not open the file at C:\\Users\\knapd\\AppData\\Local\\Temp\\rust_mozprofilemseMPd\\search.json.mozlz4", (void 0)))
DevTools listening on ws://localhost:54161/devtools/browser/10850d47-5863-44c1-a313-9ceaabbc04fa
JavaScript error: https://media.ethicalads.io/media/client/v1.4.0/ethicalads.min.js, line 1: Error: No ad placements found.
JavaScript error: resource:///actors/FormValidationChild.jsm, line 184: TypeError: this._element is null
1657629059701	Marionette	INFO	Stopped listening on port 54172
console.warn: TopSitesFeed: Failed to fetch data from Contile server: NetworkError when attempting to fetch resource.
1657629136022	geckodriver	INFO	Listening on 127.0.0.1:54239
1657629139097	mozrunner::runner	INFO	Running command: "C:\\Program Files\\Mozilla Firefox\\firefox.exe" "--marionette" "--remote-debugging-port" "54240" "--remote-allow-hosts" "localhost" "-no-remote" "-profile" "C:\\Users\\knapd\\AppData\\Local\\Temp\\rust_mozprofileO1Ki2V"
1657629139479	Marionette	INFO	Marionette enabled
1657629139483	Marionette	INFO	Listening on port 54249
WebDriver BiDi listening on ws://localhost:54240
Read port: 54249
1657629139980	RemoteAgent	WARN	TLS certificate errors will be ignored for this session
console.warn: SearchSettings: "get: No settings file exists, new profile?" (new NotFoundError("Could not open the file at C:\\Users\\knapd\\AppData\\Local\\Temp\\rust_mozprofileO1Ki2V\\search.json.mozlz4", (void 0)))
DevTools listening on ws://localhost:54240/devtools/browser/1ccf35b1-5fbd-4017-8c45-e7803bfec70d
JavaScript error: https://media.ethicalads.io/media/client/v1.4.0/ethicalads.min.js, line 1: Error: No ad placements found.
JavaScript error: resource:///actors/FormValidationChild.jsm, line 184: TypeError: this._element is null
1657629222139	geckodriver	INFO	Listening on 127.0.0.1:54333
1657629225212	mozrunner::runner	INFO	Running command: "C:\\Program Files\\Mozilla Firefox\\firefox.exe" "--marionette" "--remote-debugging-port" "54334" "--remote-allow-hosts" "localhost" "-no-remote" "-profile" "C:\\Users\\knapd\\AppData\\Local\\Temp\\rust_mozprofile8cXpbU"
1657629225646	Marionette	INFO	Marionette enabled
1657629225650	Marionette	INFO	Listening on port 54343
WebDriver BiDi listening on ws://localhost:54334
Read port: 54343
1657629228213	geckodriver	INFO	Listening on 127.0.0.1:54347
1657629231276	mozrunner::runner	INFO	Running command: "C:\\Program Files\\Mozilla Firefox\\firefox.exe" "--marionette" "--remote-debugging-port" "54348" "--remote-allow-hosts" "localhost" "-no-remote" "-profile" "C:\\Users\\knapd\\AppData\\Local\\Temp\\rust_mozprofileikSAsn"
1657629231640	Marionette	INFO	Marionette enabled
1657629231645	Marionette	INFO	Listening on port 54358
WebDriver BiDi listening on ws://localhost:54348
Read port: 54358
1657629232288	RemoteAgent	WARN	TLS certificate errors will be ignored for this session
console.warn: SearchSettings: "get: No settings file exists, new profile?" (new NotFoundError("Could not open the file at C:\\Users\\knapd\\AppData\\Local\\Temp\\rust_mozprofileikSAsn\\search.json.mozlz4", (void 0)))
DevTools listening on ws://localhost:54348/devtools/browser/6e8c509c-333d-4dc4-b87c-75d870c73555
JavaScript error: https://media.ethicalads.io/media/client/v1.4.0/ethicalads.min.js, line 1: Error: No ad placements found.
JavaScript error: resource:///actors/FormValidationChild.jsm, line 184: TypeError: this._element is null
1657629257371	Marionette	INFO	Stopped listening on port 54358
console.warn: TopSitesFeed: Failed to fetch data from Contile server: NetworkError when attempting to fetch resource.
1657629258752	geckodriver	INFO	Listening on 127.0.0.1:54409
1657629261822	mozrunner::runner	INFO	Running command: "C:\\Program Files\\Mozilla Firefox\\firefox.exe" "--marionette" "--remote-debugging-port" "54410" "--remote-allow-hosts" "localhost" "-no-remote" "-profile" "C:\\Users\\knapd\\AppData\\Local\\Temp\\rust_mozprofileOXsFeq"
1657629262183	Marionette	INFO	Marionette enabled
1657629262188	Marionette	INFO	Listening on port 54419
WebDriver BiDi listening on ws://localhost:54410
Read port: 54419
1657629262701	RemoteAgent	WARN	TLS certificate errors will be ignored for this session
console.warn: SearchSettings: "get: No settings file exists, new profile?" (new NotFoundError("Could not open the file at C:\\Users\\knapd\\AppData\\Local\\Temp\\rust_mozprofileOXsFeq\\search.json.mozlz4", (void 0)))
DevTools listening on ws://localhost:54410/devtools/browser/1b6d1b72-6189-404c-ad09-c899548118de
JavaScript error: https://media.ethicalads.io/media/client/v1.4.0/ethicalads.min.js, line 1: Error: No ad placements found.
JavaScript error: resource:///actors/FormValidationChild.jsm, line 184: TypeError: this._element is null
console.warn: LoginRecipes: "getRecipes: falling back to a synchronous message for:" "https://www.python.org"
JavaScript error: https://media.ethicalads.io/media/client/v1.4.0/ethicalads.min.js, line 1: Error: No ad placements found.
JavaScript error: resource:///actors/FormValidationChild.jsm, line 184: TypeError: this._element is null
1657629280354	Marionette	INFO	Stopped listening on port 54419
JavaScript error: resource://gre/modules/AsyncShutdown.jsm, line 718: Error: Phase "Sqlite.jsm: wait until all connections are closed" is finished, it is too late to register completion condition "protections.sqlite#0: waiting for shutdown"
1657629692696	geckodriver	INFO	Listening on 127.0.0.1:54516
1657629695791	mozrunner::runner	INFO	Running command: "C:\\Program Files\\Mozilla Firefox\\firefox.exe" "--marionette" "--remote-debugging-port" "54517" "--remote-allow-hosts" "localhost" "-no-remote" "-profile" "C:\\Users\\knapd\\AppData\\Local\\Temp\\rust_mozprofilee4v7Zx"
1657629696156	Marionette	INFO	Marionette enabled
1657629696161	Marionette	INFO	Listening on port 54526
WebDriver BiDi listening on ws://localhost:54517
Read port: 54526
1657629696585	RemoteAgent	WARN	TLS certificate errors will be ignored for this session
console.warn: SearchSettings: "get: No settings file exists, new profile?" (new NotFoundError("Could not open the file at C:\\Users\\knapd\\AppData\\Local\\Temp\\rust_mozprofilee4v7Zx\\search.json.mozlz4", (void 0)))
DevTools listening on ws://localhost:54517/devtools/browser/3bbc7065-35ec-4230-b4b7-2009d792b122
JavaScript error: https://media.ethicalads.io/media/client/v1.4.0/ethicalads.min.js, line 1: Error: No ad placements found.
JavaScript error: resource:///actors/FormValidationChild.jsm, line 184: TypeError: this._element is null
console.warn: LoginRecipes: "getRecipes: falling back to a synchronous message for:" "https://www.python.org"
JavaScript error: https://media.ethicalads.io/media/client/v1.4.0/ethicalads.min.js, line 1: Error: No ad placements found.
JavaScript error: resource:///actors/FormValidationChild.jsm, line 184: TypeError: this._element is null
1657629707033	Marionette	INFO	Stopped listening on port 54526
console.warn: TopSitesFeed: Failed to fetch data from Contile server: NetworkError when attempting to fetch resource.
1657629745826	geckodriver	INFO	Listening on 127.0.0.1:54582
1657629748883	mozrunner::runner	INFO	Running command: "C:\\Program Files\\Mozilla Firefox\\firefox.exe" "--marionette" "--remote-debugging-port" "54583" "--remote-allow-hosts" "localhost" "-no-remote" "-profile" "C:\\Users\\knapd\\AppData\\Local\\Temp\\rust_mozprofile7h13ph"
1657629749246	Marionette	INFO	Marionette enabled
1657629749251	Marionette	INFO	Listening on port 54594
WebDriver BiDi listening on ws://localhost:54583
Read port: 54594
1657629749793	RemoteAgent	WARN	TLS certificate errors will be ignored for this session
console.warn: SearchSettings: "get: No settings file exists, new profile?" (new NotFoundError("Could not open the file at C:\\Users\\knapd\\AppData\\Local\\Temp\\rust_mozprofile7h13ph\\search.json.mozlz4", (void 0)))
DevTools listening on ws://localhost:54583/devtools/browser/d865ff0b-4557-458b-ad1e-bf75afea60f0
JavaScript error: https://media.ethicalads.io/media/client/v1.4.0/ethicalads.min.js, line 1: Error: No ad placements found.
JavaScript error: resource:///actors/FormValidationChild.jsm, line 184: TypeError: this._element is null
console.warn: LoginRecipes: "getRecipes: falling back to a synchronous message for:" "https://www.python.org"
JavaScript error: https://media.ethicalads.io/media/client/v1.4.0/ethicalads.min.js, line 1: Error: No ad placements found.
JavaScript error: resource:///actors/FormValidationChild.jsm, line 184: TypeError: this._element is null
1657629792390	geckodriver	INFO	Listening on 127.0.0.1:54645
1657629795426	mozrunner::runner	INFO	Running command: "C:\\Program Files\\Mozilla Firefox\\firefox.exe" "--marionette" "--remote-debugging-port" "54646" "--remote-allow-hosts" "localhost" "-no-remote" "-profile" "C:\\Users\\knapd\\AppData\\Local\\Temp\\rust_mozprofilefF37PO"
1657629795835	Marionette	INFO	Marionette enabled
1657629795840	Marionette	INFO	Listening on port 54655
WebDriver BiDi listening on ws://localhost:54646
Read port: 54655
1657629796395	RemoteAgent	WARN	TLS certificate errors will be ignored for this session
console.warn: SearchSettings: "get: No settings file exists, new profile?" (new NotFoundError("Could not open the file at C:\\Users\\knapd\\AppData\\Local\\Temp\\rust_mozprofilefF37PO\\search.json.mozlz4", (void 0)))
DevTools listening on ws://localhost:54646/devtools/browser/be213ab0-ee3f-47d8-a821-ba9c39de8ce9
JavaScript error: https://media.ethicalads.io/media/client/v1.4.0/ethicalads.min.js, line 1: Error: No ad placements found.
JavaScript error: resource:///actors/FormValidationChild.jsm, line 184: TypeError: this._element is null
console.warn: LoginRecipes: "getRecipes: falling back to a synchronous message for:" "https://www.python.org"
JavaScript error: https://media.ethicalads.io/media/client/v1.4.0/ethicalads.min.js, line 1: Error: No ad placements found.
JavaScript error: resource:///actors/FormValidationChild.jsm, line 184: TypeError: this._element is null
1657629840315	Marionette	INFO	Stopped listening on port 54655
console.warn: TopSitesFeed: Failed to fetch data from Contile server: NetworkError when attempting to fetch resource.
[Parent 16248, IPC I/O Parent] WARNING: file /builds/worker/checkouts/gecko/ipc/chromium/src/base/process_util_win.cc:167
1657629855360	geckodriver	INFO	Listening on 127.0.0.1:54709
1657629858431	mozrunner::runner	INFO	Running command: "C:\\Program Files\\Mozilla Firefox\\firefox.exe" "--marionette" "--remote-debugging-port" "54710" "--remote-allow-hosts" "localhost" "-no-remote" "-profile" "C:\\Users\\knapd\\AppData\\Local\\Temp\\rust_mozprofilenHLRa9"
1657629858859	Marionette	INFO	Marionette enabled
1657629858864	Marionette	INFO	Listening on port 54720
WebDriver BiDi listening on ws://localhost:54710
Read port: 54720
1657629859479	RemoteAgent	WARN	TLS certificate errors will be ignored for this session
console.warn: SearchSettings: "get: No settings file exists, new profile?" (new NotFoundError("Could not open the file at C:\\Users\\knapd\\AppData\\Local\\Temp\\rust_mozprofilenHLRa9\\search.json.mozlz4", (void 0)))
DevTools listening on ws://localhost:54710/devtools/browser/5fee9637-79cb-488f-9c89-611f4a4898e2
JavaScript error: https://media.ethicalads.io/media/client/v1.4.0/ethicalads.min.js, line 1: Error: No ad placements found.
JavaScript error: resource:///actors/FormValidationChild.jsm, line 184: TypeError: this._element is null
console.warn: LoginRecipes: "getRecipes: falling back to a synchronous message for:" "https://www.python.org"
JavaScript error: https://media.ethicalads.io/media/client/v1.4.0/ethicalads.min.js, line 1: Error: No ad placements found.
JavaScript error: resource:///actors/FormValidationChild.jsm, line 184: TypeError: this._element is null
1657629870304	Marionette	INFO	Stopped listening on port 54720
JavaScript error: resource://gre/modules/AsyncShutdown.jsm, line 718: Error: Phase "Sqlite.jsm: wait until all connections are closed" is finished, it is too late to register completion condition "protections.sqlite#0: waiting for shutdown"
1657629879057	geckodriver	INFO	Listening on 127.0.0.1:54770
1657629882155	mozrunner::runner	INFO	Running command: "C:\\Program Files\\Mozilla Firefox\\firefox.exe" "--marionette" "--remote-debugging-port" "54771" "--remote-allow-hosts" "localhost" "-no-remote" "-profile" "C:\\Users\\knapd\\AppData\\Local\\Temp\\rust_mozprofile1sQtro"
1657629882501	Marionette	INFO	Marionette enabled
1657629882506	Marionette	INFO	Listening on port 54780
WebDriver BiDi listening on ws://localhost:54771
Read port: 54780
1657629883157	RemoteAgent	WARN	TLS certificate errors will be ignored for this session
console.warn: SearchSettings: "get: No settings file exists, new profile?" (new NotFoundError("Could not open the file at C:\\Users\\knapd\\AppData\\Local\\Temp\\rust_mozprofile1sQtro\\search.json.mozlz4", (void 0)))
DevTools listening on ws://localhost:54771/devtools/browser/78aef50a-bc8a-4157-b8b9-5a246bde84b5
JavaScript error: https://media.ethicalads.io/media/client/v1.4.0/ethicalads.min.js, line 1: Error: No ad placements found.
JavaScript error: resource:///actors/FormValidationChild.jsm, line 184: TypeError: this._element is null
console.warn: LoginRecipes: "getRecipes: falling back to a synchronous message for:" "https://www.python.org"
JavaScript error: https://media.ethicalads.io/media/client/v1.4.0/ethicalads.min.js, line 1: Error: No ad placements found.
JavaScript error: resource:///actors/FormValidationChild.jsm, line 184: TypeError: this._element is null
1657629894452	Marionette	INFO	Stopped listening on port 54780
JavaScript error: resource://gre/modules/AsyncShutdown.jsm, line 718: Error: Phase "Sqlite.jsm: wait until all connections are closed" is finished, it is too late to register completion condition "protections.sqlite#0: waiting for shutdown"
1657634152296	geckodriver	INFO	Listening on 127.0.0.1:59666
1657634155335	mozrunner::runner	INFO	Running command: "C:\\Program Files\\Mozilla Firefox\\firefox.exe" "--marionette" "--remote-debugging-port" "59667" "--remote-allow-hosts" "localhost" "-no-remote" "-profile" "C:\\Users\\knapd\\AppData\\Local\\Temp\\rust_mozprofileS6vFhr"
1657634155835	Marionette	INFO	Marionette enabled
1657634155840	Marionette	INFO	Listening on port 59676
WebDriver BiDi listening on ws://localhost:59667
Read port: 59676
1657634156407	RemoteAgent	WARN	TLS certificate errors will be ignored for this session
console.warn: SearchSettings: "get: No settings file exists, new profile?" (new NotFoundError("Could not open the file at C:\\Users\\knapd\\AppData\\Local\\Temp\\rust_mozprofileS6vFhr\\search.json.mozlz4", (void 0)))
DevTools listening on ws://localhost:59667/devtools/browser/1610d02b-2523-4464-a8f5-905431206541
JavaScript error: https://media.ethicalads.io/media/client/v1.4.0/ethicalads.min.js, line 1: Error: No ad placements found.
JavaScript error: resource:///actors/FormValidationChild.jsm, line 184: TypeError: this._element is null
1657634174136	Marionette	INFO	Stopped listening on port 59676
console.warn: TopSitesFeed: Failed to fetch data from Contile server: NetworkError when attempting to fetch resource.
remote-debugging-port" "59730" "--remote-allow-hosts" "localhost" "-no-remote" "-profile" "C:\\Users\\knapd\\AppData\\Local\\Temp\\rust_mozprofileMrA6sc"
1657634172614	Marionette	INFO	Marionette enabled
1657634172620	Marionette	INFO	Listening on port 59739
WebDriver BiDi listening on ws://localhost:59730
Read port: 59739
1657634173537	RemoteAgent	WARN	TLS certificate errors will be ignored for this session
console.warn: SearchSettings: "get: No settings file exists, new profile?" (new NotFoundError("Could not open the file at C:\\Users\\knapd\\AppData\\Local\\Temp\\rust_mozprofileMrA6sc\\search.json.mozlz4", (void 0)))
DevTools listening on ws://localhost:59730/devtools/browser/5a39e032-4450-4d27-94e3-d886fecfe84b
JavaScript error: https://media.ethicalads.io/media/client/v1.4.0/ethicalads.min.js, line 1: Error: No ad placements found.
JavaScript error: resource:///actors/FormValidationChild.jsm, line 184: TypeError: this._element is null
1657634420728	Marionette	INFO	Stopped listening on port 59739
console.warn: TopSitesFeed: Failed to fetch data from Contile server: NetworkError when attempting to fetch resource.
remote-debugging-port" "60231" "--remote-allow-hosts" "localhost" "-no-remote" "-profile" "C:\\Users\\knapd\\AppData\\Local\\Temp\\rust_mozprofilel8p2p9"
1657634401941	Marionette	INFO	Marionette enabled
1657634401945	Marionette	INFO	Listening on port 60253
WebDriver BiDi listening on ws://localhost:60231
Read port: 60253
1657634402443	RemoteAgent	WARN	TLS certificate errors will be ignored for this session
console.warn: SearchSettings: "get: No settings file exists, new profile?" (new NotFoundError("Could not open the file at C:\\Users\\knapd\\AppData\\Local\\Temp\\rust_mozprofilel8p2p9\\search.json.mozlz4", (void 0)))
DevTools listening on ws://localhost:60231/devtools/browser/2e0b3b1b-75ee-4b33-af79-4766b736eba2
JavaScript error: https://media.ethicalads.io/media/client/v1.4.0/ethicalads.min.js, line 1: Error: No ad placements found.
JavaScript error: resource:///actors/FormValidationChild.jsm, line 184: TypeError: this._element is null
1657634422057	Marionette	INFO	Stopped listening on port 60253
console.warn: TopSitesFeed: Failed to fetch data from Contile server: NetworkError when attempting to fetch resource.
1657634561618	geckodriver	INFO	Listening on 127.0.0.1:60885
1657634564659	mozrunner::runner	INFO	Running command: "C:\\Program Files\\Mozilla Firefox\\firefox.exe" "--marionette" "--remote-debugging-port" "60886" "--remote-allow-hosts" "localhost" "-no-remote" "-profile" "C:\\Users\\knapd\\AppData\\Local\\Temp\\rust_mozprofileZSoPaf"
1657634565112	Marionette	INFO	Marionette enabled
1657634565116	Marionette	INFO	Listening on port 60907
WebDriver BiDi listening on ws://localhost:60886
Read port: 60907
1657634565986	RemoteAgent	WARN	TLS certificate errors will be ignored for this session
console.warn: SearchSettings: "get: No settings file exists, new profile?" (new NotFoundError("Could not open the file at C:\\Users\\knapd\\AppData\\Local\\Temp\\rust_mozprofileZSoPaf\\search.json.mozlz4", (void 0)))
DevTools listening on ws://localhost:60886/devtools/browser/5a500b29-7773-4386-94fb-3262ef6fc98a
JavaScript error: https://media.ethicalads.io/media/client/v1.4.0/ethicalads.min.js, line 1: Error: No ad placements found.
JavaScript error: resource:///actors/FormValidationChild.jsm, line 184: TypeError: this._element is null
console.warn: LoginRecipes: "getRecipes: falling back to a synchronous message for:" "https://www.python.org"
JavaScript error: https://media.ethicalads.io/media/client/v1.4.0/ethicalads.min.js, line 1: Error: No ad placements found.
JavaScript error: resource:///actors/FormValidationChild.jsm, line 184: TypeError: this._element is null
1657634580096	Marionette	INFO	Stopped listening on port 60907
1657708712787	geckodriver	INFO	Listening on 127.0.0.1:63685
1657708715893	mozrunner::runner	INFO	Running command: "C:\\Program Files\\Mozilla Firefox\\firefox.exe" "--marionette" "--remote-debugging-port" "63686" "--remote-allow-hosts" "localhost" "-no-remote" "-profile" "C:\\Users\\knapd\\AppData\\Local\\Temp\\rust_mozprofilelCp9qf"
1657708719224	Marionette	INFO	Marionette enabled
1657708719230	Marionette	INFO	Listening on port 63698
WebDriver BiDi listening on ws://localhost:63686
Read port: 63698
1657708720092	RemoteAgent	WARN	TLS certificate errors will be ignored for this session
console.warn: SearchSettings: "get: No settings file exists, new profile?" (new NotFoundError("Could not open the file at C:\\Users\\knapd\\AppData\\Local\\Temp\\rust_mozprofilelCp9qf\\search.json.mozlz4", (void 0)))
DevTools listening on ws://localhost:63686/devtools/browser/27b93fd4-75ce-4425-903c-5f8e378e3283
JavaScript error: https://media.ethicalads.io/media/client/v1.4.0/ethicalads.min.js, line 1: Error: No ad placements found.
JavaScript error: resource:///actors/FormValidationChild.jsm, line 184: TypeError: this._element is null
console.warn: LoginRecipes: "getRecipes: falling back to a synchronous message for:" "https://www.python.org"
JavaScript error: https://media.ethicalads.io/media/client/v1.4.0/ethicalads.min.js, line 1: Error: No ad placements found.
JavaScript error: resource:///actors/FormValidationChild.jsm, line 184: TypeError: this._element is null
1657708739753	Marionette	INFO	Stopped listening on port 63698
1657709330148	geckodriver	INFO	Listening on 127.0.0.1:63960
1657709333187	mozrunner::runner	INFO	Running command: "C:\\Program Files\\Mozilla Firefox\\firefox.exe" "--marionette" "--remote-debugging-port" "63961" "--remote-allow-hosts" "localhost" "-no-remote" "-profile" "C:\\Users\\knapd\\AppData\\Local\\Temp\\rust_mozprofilekSSl79"
1657709333678	Marionette	INFO	Marionette enabled
1657709333689	Marionette	INFO	Listening on port 63971
WebDriver BiDi listening on ws://localhost:63961
Read port: 63971
1657709334282	RemoteAgent	WARN	TLS certificate errors will be ignored for this session
console.warn: SearchSettings: "get: No settings file exists, new profile?" (new NotFoundError("Could not open the file at C:\\Users\\knapd\\AppData\\Local\\Temp\\rust_mozprofilekSSl79\\search.json.mozlz4", (void 0)))
DevTools listening on ws://localhost:63961/devtools/browser/a712a2de-8162-48b0-bbaf-7fd85b253ea5
JavaScript error: https://media.ethicalads.io/media/client/v1.4.0/ethicalads.min.js, line 1: Error: No ad placements found.
JavaScript error: resource:///actors/FormValidationChild.jsm, line 184: TypeError: this._element is null
console.warn: LoginRecipes: "getRecipes: falling back to a synchronous message for:" "https://www.python.org"
JavaScript error: https://media.ethicalads.io/media/client/v1.4.0/ethicalads.min.js, line 1: Error: No ad placements found.
JavaScript error: resource:///actors/FormValidationChild.jsm, line 184: TypeError: this._element is null
1657709347597	Marionette	INFO	Stopped listening on port 63971
1657709654030	geckodriver	INFO	Listening on 127.0.0.1:64139
1657709657060	mozrunner::runner	INFO	Running command: "C:\\Program Files\\Mozilla Firefox\\firefox.exe" "--marionette" "--remote-debugging-port" "64140" "--remote-allow-hosts" "localhost" "-no-remote" "-profile" "C:\\Users\\knapd\\AppData\\Local\\Temp\\rust_mozprofilelhUwyh"
1657709657506	Marionette	INFO	Marionette enabled
1657709657510	Marionette	INFO	Listening on port 64151
WebDriver BiDi listening on ws://localhost:64140
Read port: 64151
1657709658141	RemoteAgent	WARN	TLS certificate errors will be ignored for this session
console.warn: SearchSettings: "get: No settings file exists, new profile?" (new NotFoundError("Could not open the file at C:\\Users\\knapd\\AppData\\Local\\Temp\\rust_mozprofilelhUwyh\\search.json.mozlz4", (void 0)))
DevTools listening on ws://localhost:64140/devtools/browser/cf3c37bc-3865-4cf7-a7a1-8d78f6ccc30e
JavaScript error: https://media.ethicalads.io/media/client/v1.4.0/ethicalads.min.js, line 1: Error: No ad placements found.
JavaScript error: resource:///actors/FormValidationChild.jsm, line 184: TypeError: this._element is null
console.warn: LoginRecipes: "getRecipes: falling back to a synchronous message for:" "https://www.python.org"
JavaScript error: https://media.ethicalads.io/media/client/v1.4.0/ethicalads.min.js, line 1: Error: No ad placements found.
JavaScript error: resource:///actors/FormValidationChild.jsm, line 184: TypeError: this._element is null
1657709669509	Marionette	INFO	Stopped listening on port 64151
console.warn: TopSitesFeed: Failed to fetch data from Contile server: NetworkError when attempting to fetch resource.
1657710043826	geckodriver	INFO	Listening on 127.0.0.1:64407
1657710046891	mozrunner::runner	INFO	Running command: "C:\\Program Files\\Mozilla Firefox\\firefox.exe" "--marionette" "--remote-debugging-port" "64408" "--remote-allow-hosts" "localhost" "-no-remote" "-profile" "C:\\Users\\knapd\\AppData\\Local\\Temp\\rust_mozprofileTB2zEy"
1657710047281	Marionette	INFO	Marionette enabled
1657710047286	Marionette	INFO	Listening on port 64419
WebDriver BiDi listening on ws://localhost:64408
Read port: 64419
1657710047757	RemoteAgent	WARN	TLS certificate errors will be ignored for this session
console.warn: SearchSettings: "get: No settings file exists, new profile?" (new NotFoundError("Could not open the file at C:\\Users\\knapd\\AppData\\Local\\Temp\\rust_mozprofileTB2zEy\\search.json.mozlz4", (void 0)))
DevTools listening on ws://localhost:64408/devtools/browser/58241c4b-5bfb-4404-b589-1bfe2d4c6be3
JavaScript error: https://media.ethicalads.io/media/client/v1.4.0/ethicalads.min.js, line 1: Error: No ad placements found.
JavaScript error: resource:///actors/FormValidationChild.jsm, line 184: TypeError: this._element is null
console.warn: LoginRecipes: "getRecipes: falling back to a synchronous message for:" "https://www.python.org"
JavaScript error: https://media.ethicalads.io/media/client/v1.4.0/ethicalads.min.js, line 1: Error: No ad placements found.
JavaScript error: resource:///actors/FormValidationChild.jsm, line 184: TypeError: this._element is null
1657710056653	Marionette	INFO	Stopped listening on port 64419
JavaScript error: resource://gre/modules/UrlClassifierListManager.jsm, line 694: TypeError: this.tablesData[table] is undefined
1657710472142	geckodriver	INFO	Listening on 127.0.0.1:64692
1657710475183	mozrunner::runner	INFO	Running command: "C:\\Program Files\\Mozilla Firefox\\firefox.exe" "--marionette" "--remote-debugging-port" "64693" "--remote-allow-hosts" "localhost" "-no-remote" "-profile" "C:\\Users\\knapd\\AppData\\Local\\Temp\\rust_mozprofileYCXnJe"
1657710475631	Marionette	INFO	Marionette enabled
1657710475635	Marionette	INFO	Listening on port 64706
WebDriver BiDi listening on ws://localhost:64693
Read port: 64706
1657710476099	RemoteAgent	WARN	TLS certificate errors will be ignored for this session
console.warn: SearchSettings: "get: No settings file exists, new profile?" (new NotFoundError("Could not open the file at C:\\Users\\knapd\\AppData\\Local\\Temp\\rust_mozprofileYCXnJe\\search.json.mozlz4", (void 0)))
DevTools listening on ws://localhost:64693/devtools/browser/3cfc7530-3ef6-4fba-bcff-a232b9a346ce
JavaScript error: https://strefakursow.pl/, line 4737: SyntaxError: missing ] after element list
JavaScript note: https://strefakursow.pl/, line 4736: [ opened at line 4736, column 21
JavaScript error: https://strefakursow.pl/redesign/js/main-build.js?v=1657704742046, line 14: ReferenceError: dataRecommend is not defined
JavaScript error: https://strefakursow.pl/redesign/js/main-build.js?v=1657704742046, line 12: ReferenceError: Swiper is not defined
JavaScript error: https://strefakursow.pl/redesign/js/main-build.js?v=1657704742046, line 12: TypeError: e is null
JavaScript error: https://strefakursow.pl/redesign/js/main-build.js?v=1657704742046, line 14: ReferenceError: dataRecommend is not defined
1657710511156	Marionette	INFO	Stopped listening on port 64706
console.warn: TopSitesFeed: Failed to fetch data from Contile server: NetworkError when attempting to fetch resource.
1657710540708	geckodriver	INFO	Listening on 127.0.0.1:64865
1657710543759	mozrunner::runner	INFO	Running command: "C:\\Program Files\\Mozilla Firefox\\firefox.exe" "--marionette" "--remote-debugging-port" "64866" "--remote-allow-hosts" "localhost" "-no-remote" "-profile" "C:\\Users\\knapd\\AppData\\Local\\Temp\\rust_mozprofileS9UwI1"
1657710544220	Marionette	INFO	Marionette enabled
1657710544225	Marionette	INFO	Listening on port 64877
WebDriver BiDi listening on ws://localhost:64866
Read port: 64877
1657710544773	RemoteAgent	WARN	TLS certificate errors will be ignored for this session
console.warn: SearchSettings: "get: No settings file exists, new profile?" (new NotFoundError("Could not open the file at C:\\Users\\knapd\\AppData\\Local\\Temp\\rust_mozprofileS9UwI1\\search.json.mozlz4", (void 0)))
DevTools listening on ws://localhost:64866/devtools/browser/e2a8dfc5-a35c-43ac-8808-94f470ab8b21
JavaScript error: https://strefakursow.pl/, line 4737: SyntaxError: missing ] after element list
JavaScript note: https://strefakursow.pl/, line 4736: [ opened at line 4736, column 21
JavaScript error: https://strefakursow.pl/redesign/js/main-build.js?v=1657704742046, line 14: ReferenceError: dataRecommend is not defined
1657710562848	Marionette	INFO	Stopped listening on port 64877
1657710563312	geckodriver	INFO	Listening on 127.0.0.1:64990
1657710568279	geckodriver	INFO	Listening on 127.0.0.1:64997
1657710571338	mozrunner::runner	INFO	Running command: "C:\\Program Files\\Mozilla Firefox\\firefox.exe" "--marionette" "--remote-debugging-port" "64998" "--remote-allow-hosts" "localhost" "-no-remote" "-profile" "C:\\Users\\knapd\\AppData\\Local\\Temp\\rust_mozprofileVvmw21"
1657710571684	Marionette	INFO	Marionette enabled
1657710571688	Marionette	INFO	Listening on port 65008
WebDriver BiDi listening on ws://localhost:64998
Read port: 65008
1657710572180	RemoteAgent	WARN	TLS certificate errors will be ignored for this session
console.warn: SearchSettings: "get: No settings file exists, new profile?" (new NotFoundError("Could not open the file at C:\\Users\\knapd\\AppData\\Local\\Temp\\rust_mozprofileVvmw21\\search.json.mozlz4", (void 0)))
DevTools listening on ws://localhost:64998/devtools/browser/17854a6f-2ee8-4739-b6ed-f00256c125a8
JavaScript error: https://strefakursow.pl/, line 4737: SyntaxError: missing ] after element list
JavaScript note: https://strefakursow.pl/, line 4736: [ opened at line 4736, column 21
JavaScript error: https://strefakursow.pl/redesign/js/main-build.js?v=1657704742046, line 14: ReferenceError: dataRecommend is not defined
JavaScript error: https://strefakursow.pl/redesign/js/main-build.js?v=1657704742046, line 12: ReferenceError: Swiper is not defined
JavaScript error: https://strefakursow.pl/redesign/js/main-build.js?v=1657704742046, line 12: TypeError: e is null
JavaScript error: https://strefakursow.pl/redesign/js/main-build.js?v=1657704742046, line 14: ReferenceError: dataRecommend is not defined
console.warn: LoginRecipes: "getRecipes: falling back to a synchronous message for:" "https://strefakursow.pl"
JavaScript error: https://strefakursow.pl/redesign/js/main-build.js?v=1657704742046, line 12: TypeError: e is null
console.warn: LoginRecipes: "getRecipes: falling back to a synchronous message for:" "https://strefakursow.pl"
JavaScript error: , line 0: NotFoundError: No such JSWindowActor 'DevToolsFrame'
JavaScript error: , line 0: NotFoundError: No such JSWindowActor 'DevToolsFrame'
JavaScript error: , line 0: NotFoundError: No such JSWindowActor 'DevToolsFrame'
JavaScript error: , line 0: NotFoundError: No such JSWindowActor 'DevToolsFrame'
JavaScript error: , line 0: NotFoundError: No such JSWindowActor 'DevToolsFrame'
JavaScript error: , line 0: NotFoundError: No such JSWindowActor 'DevToolsFrame'
JavaScript error: , line 0: NotFoundError: No such JSWindowActor 'DevToolsFrame'
JavaScript error: , line 0: NotFoundError: No such JSWindowActor 'DevToolsFrame'
JavaScript error: , line 0: NotFoundError: No such JSWindowActor 'DevToolsFrame'
1657710954754	Marionette	INFO	Stopped listening on port 65008
console.warn: TopSitesFeed: Failed to fetch data from Contile server: NetworkError when attempting to fetch resource.
pt error: https://strefakursow.pl/, line 4737: SyntaxError: missing ] after element list
JavaScript note: https://strefakursow.pl/, line 4736: [ opened at line 4736, column 21
JavaScript error: https://strefakursow.pl/redesign/js/main-build.js?v=1657704742046, line 14: ReferenceError: dataRecommend is not defined
JavaScript error: https://strefakursow.pl/redesign/js/main-build.js?v=1657704742046, line 14: TypeError: $(...)[0] is undefined
JavaScript error: https://strefakursow.pl/redesign/js/main-build.js?v=1657704742046, line 12: ReferenceError: Swiper is not defined
JavaScript error: https://strefakursow.pl/redesign/js/main-build.js?v=1657704742046, line 14: ReferenceError: dataRecommend is not defined
JavaScript error: https://strefakursow.pl/redesign/js/main-build.js?v=1657704742046, line 14: TypeError: $(...)[0] is undefined
console.warn: LoginRecipes: "getRecipes: falling back to a synchronous message for:" "https://strefakursow.pl"
console.warn: LoginRecipes: "getRecipes: falling back to a synchronous message for:" "https://strefakursow.pl"
JavaScript error: resource://gre/modules/LoginManagerParent.jsm, line 136: TypeError: gRecipeManager is null
console.warn: LoginRecipes: "getRecipes: falling back to a synchronous message for:" "https://strefakursow.pl"
JavaScript error: resource://gre/modules/LoginManagerParent.jsm, line 136: TypeError: gRecipeManager is null
console.warn: LoginRecipes: "getRecipes: falling back to a synchronous message for:" "https://strefakursow.pl"
JavaScript error: resource://gre/modules/LoginManagerParent.jsm, line 136: TypeError: gRecipeManager is null
console.warn: LoginRecipes: "getRecipes: falling back to a synchronous message for:" "https://strefakursow.pl"
JavaScript error: resource://gre/modules/LoginManagerParent.jsm, line 136: TypeError: gRecipeManager is null
console.warn: LoginRecipes: "getRecipes: falling back to a synchronous message for:" "https://strefakursow.pl"
JavaScript error: resource://gre/modules/LoginManagerParent.jsm, line 136: TypeError: gRecipeManager is null
JavaScript error: https://strefakursow.pl/, line 4936: SyntaxError: missing ] after element list
JavaScript note: https://strefakursow.pl/, line 4935: [ opened at line 4935, column 21
1657710896104	Marionette	INFO	Stopped listening on port 65201
console.warn: TopSitesFeed: Failed to fetch data from Contile server: NetworkError when attempting to fetch resource.
1657710951999	geckodriver	INFO	Listening on 127.0.0.1:65356
1657710955069	mozrunner::runner	INFO	Running command: "C:\\Program Files\\Mozilla Firefox\\firefox.exe" "--marionette" "--remote-debugging-port" "65357" "--remote-allow-hosts" "localhost" "-no-remote" "-profile" "C:\\Users\\knapd\\AppData\\Local\\Temp\\rust_mozprofileffQPPx"
1657710955758	Marionette	INFO	Marionette enabled
1657710955763	Marionette	INFO	Listening on port 65370
WebDriver BiDi listening on ws://localhost:65357
Read port: 65370
1657710956540	RemoteAgent	WARN	TLS certificate errors will be ignored for this session
1657710959957	geckodriver	INFO	Listening on 127.0.0.1:65378
1657710963021	mozrunner::runner	INFO	Running command: "C:\\Program Files\\Mozilla Firefox\\firefox.exe" "--marionette" "--remote-debugging-port" "65379" "--remote-allow-hosts" "localhost" "-no-remote" "-profile" "C:\\Users\\knapd\\AppData\\Local\\Temp\\rust_mozprofileLVSIB3"
1657710963363	Marionette	INFO	Marionette enabled
1657710963367	Marionette	INFO	Listening on port 65388
WebDriver BiDi listening on ws://localhost:65379
Read port: 65388
1657710963898	RemoteAgent	WARN	TLS certificate errors will be ignored for this session
console.warn: SearchSettings: "get: No settings file exists, new profile?" (new NotFoundError("Could not open the file at C:\\Users\\knapd\\AppData\\Local\\Temp\\rust_mozprofileLVSIB3\\search.json.mozlz4", (void 0)))
DevTools listening on ws://localhost:65379/devtools/browser/efc6eeed-972a-4aae-a6d5-ccc5bdbda69e
JavaScript error: https://strefakursow.pl/, line 4737: SyntaxError: missing ] after element list
JavaScript note: https://strefakursow.pl/, line 4736: [ opened at line 4736, column 21
JavaScript error: https://strefakursow.pl/redesign/js/main-build.js?v=1657704742046, line 14: ReferenceError: dataRecommend is not defined
JavaScript error: https://strefakursow.pl/redesign/js/main-build.js?v=1657704742046, line 12: ReferenceError: Swiper is not defined
JavaScript error: https://strefakursow.pl/redesign/js/main-build.js?v=1657704742046, line 12: TypeError: e is null
JavaScript error: https://strefakursow.pl/redesign/js/main-build.js?v=1657704742046, line 14: ReferenceError: dataRecommend is not defined
JavaScript error: https://strefakursow.pl/redesign/js/main-build.js?v=1657704742046, line 12: TypeError: e is null
JavaScript error: , line 0: NotFoundError: No such JSWindowActor 'DevToolsFrame'
JavaScript error: , line 0: NotFoundError: No such JSWindowActor 'DevToolsFrame'
JavaScript error: , line 0: NotFoundError: No such JSWindowActor 'DevToolsFrame'
JavaScript error: , line 0: NotFoundError: No such JSWindowActor 'DevToolsFrame'
JavaScript error: , line 0: NotFoundError: No such JSWindowActor 'DevToolsFrame'
JavaScript error: , line 0: NotFoundError: No such JSWindowActor 'DevToolsFrame'
JavaScript error: , line 0: NotFoundError: No such JSWindowActor 'DevToolsFrame'
JavaScript error: , line 0: NotFoundError: No such JSWindowActor 'DevToolsFrame'
JavaScript error: , line 0: NotFoundError: No such JSWindowActor 'DevToolsFrame'
JavaScript error: https://strefakursow.pl/redesign/js/main-build.js?v=1657704742046, line 12: TypeError: e is null
console.warn: LoginRecipes: "getRecipes: falling back to a synchronous message for:" "https://strefakursow.pl"
console.warn: LoginRecipes: "getRecipes: falling back to a synchronous message for:" "https://strefakursow.pl"
console.warn: LoginRecipes: "getRecipes: falling back to a synchronous message for:" "https://strefakursow.pl"
console.warn: LoginRecipes: "getRecipes: falling back to a synchronous message for:" "https://strefakursow.pl"
console.warn: LoginRecipes: "getRecipes: falling back to a synchronous message for:" "https://strefakursow.pl"
1657711045868	Marionette	INFO	Stopped listening on port 65388
console.warn: TopSitesFeed: Failed to fetch data from Contile server: NetworkError when attempting to fetch resource.
1657711049374	geckodriver	INFO	Listening on 127.0.0.1:65531
1657711052444	mozrunner::runner	INFO	Running command: "C:\\Program Files\\Mozilla Firefox\\firefox.exe" "--marionette" "--remote-debugging-port" "65532" "--remote-allow-hosts" "localhost" "-no-remote" "-profile" "C:\\Users\\knapd\\AppData\\Local\\Temp\\rust_mozprofilepYvCRv"
1657711052796	Marionette	INFO	Marionette enabled
1657711052801	Marionette	INFO	Listening on port 49158
WebDriver BiDi listening on ws://localhost:65532
Read port: 49158
1657711053391	RemoteAgent	WARN	TLS certificate errors will be ignored for this session
console.warn: SearchSettings: "get: No settings file exists, new profile?" (new NotFoundError("Could not open the file at C:\\Users\\knapd\\AppData\\Local\\Temp\\rust_mozprofilepYvCRv\\search.json.mozlz4", (void 0)))
DevTools listening on ws://localhost:65532/devtools/browser/b1397e02-535d-4beb-aa05-41dd737cebcd
JavaScript error: https://strefakursow.pl/, line 4737: SyntaxError: missing ] after element list
JavaScript note: https://strefakursow.pl/, line 4736: [ opened at line 4736, column 21
JavaScript error: https://strefakursow.pl/redesign/js/main-build.js?v=1657704742046, line 14: ReferenceError: dataRecommend is not defined
JavaScript error: https://strefakursow.pl/redesign/js/main-build.js?v=1657704742046, line 12: ReferenceError: Swiper is not defined
JavaScript error: https://strefakursow.pl/redesign/js/main-build.js?v=1657704742046, line 14: ReferenceError: dataRecommend is not defined
JavaScript error: https://strefakursow.pl/redesign/js/main-build.js?v=1657704742046, line 14: TypeError: $(...)[0] is undefined
JavaScript error: resource://gre/modules/AsyncShutdown.jsm, line 575: NotFoundError: No such JSWindowActor 'DevToolsFrame'
JavaScript error: resource://gre/modules/AsyncShutdown.jsm, line 575: NotFoundError: No such JSWindowActor 'DevToolsFrame'
JavaScript error: resource://gre/modules/AsyncShutdown.jsm, line 575: NotFoundError: No such JSWindowActor 'DevToolsFrame'
JavaScript error: resource://gre/modules/AsyncShutdown.jsm, line 575: NotFoundError: No such JSWindowActor 'DevToolsFrame'
JavaScript error: resource://gre/modules/AsyncShutdown.jsm, line 575: NotFoundError: No such JSWindowActor 'DevToolsFrame'
JavaScript error: resource://gre/modules/AsyncShutdown.jsm, line 575: NotFoundError: No such JSWindowActor 'DevToolsFrame'
JavaScript error: resource://gre/modules/AsyncShutdown.jsm, line 575: NotFoundError: No such JSWindowActor 'DevToolsFrame'
JavaScript error: resource://gre/modules/AsyncShutdown.jsm, line 575: NotFoundError: No such JSWindowActor 'DevToolsFrame'
JavaScript error: resource://gre/modules/AsyncShutdown.jsm, line 575: NotFoundError: No such JSWindowActor 'DevToolsFrame'
1657711180264	Marionette	INFO	Stopped listening on port 49158
1657711182265	geckodriver	INFO	Listening on 127.0.0.1:49318
1657711185318	mozrunner::runner	INFO	Running command: "C:\\Program Files\\Mozilla Firefox\\firefox.exe" "--marionette" "--remote-debugging-port" "49319" "--remote-allow-hosts" "localhost" "-no-remote" "-profile" "C:\\Users\\knapd\\AppData\\Local\\Temp\\rust_mozprofilexKTfVm"
1657711185758	Marionette	INFO	Marionette enabled
1657711185762	Marionette	INFO	Listening on port 49329
WebDriver BiDi listening on ws://localhost:49319
Read port: 49329
1657711186520	RemoteAgent	WARN	TLS certificate errors will be ignored for this session
console.warn: SearchSettings: "get: No settings file exists, new profile?" (new NotFoundError("Could not open the file at C:\\Users\\knapd\\AppData\\Local\\Temp\\rust_mozprofilexKTfVm\\search.json.mozlz4", (void 0)))
DevTools listening on ws://localhost:49319/devtools/browser/06db6ef4-8900-4056-8160-5dbcf236219b
JavaScript error: https://strefakursow.pl/, line 4737: SyntaxError: missing ] after element list
JavaScript note: https://strefakursow.pl/, line 4736: [ opened at line 4736, column 21
JavaScript error: https://strefakursow.pl/redesign/js/main-build.js?v=1657704742046, line 14: ReferenceError: dataRecommend is not defined
JavaScript error: https://strefakursow.pl/redesign/js/main-build.js?v=1657704742046, line 12: ReferenceError: Swiper is not defined
JavaScript error: https://strefakursow.pl/redesign/js/main-build.js?v=1657704742046, line 12: TypeError: e is null
JavaScript error: https://strefakursow.pl/redesign/js/main-build.js?v=1657704742046, line 14: ReferenceError: dataRecommend is not defined
1657711244860	Marionette	INFO	Stopped listening on port 49329
console.warn: TopSitesFeed: Failed to fetch data from Contile server: NetworkError when attempting to fetch resource.
1657711298905	geckodriver	INFO	Listening on 127.0.0.1:49460
1657711301945	mozrunner::runner	INFO	Running command: "C:\\Program Files\\Mozilla Firefox\\firefox.exe" "--marionette" "--remote-debugging-port" "49461" "--remote-allow-hosts" "localhost" "-no-remote" "-profile" "C:\\Users\\knapd\\AppData\\Local\\Temp\\rust_mozprofileyOcmBc"
1657711302348	Marionette	INFO	Marionette enabled
1657711302353	Marionette	INFO	Listening on port 49473
WebDriver BiDi listening on ws://localhost:49461
Read port: 49473
1657711302785	RemoteAgent	WARN	TLS certificate errors will be ignored for this session
console.warn: SearchSettings: "get: No settings file exists, new profile?" (new NotFoundError("Could not open the file at C:\\Users\\knapd\\AppData\\Local\\Temp\\rust_mozprofileyOcmBc\\search.json.mozlz4", (void 0)))
DevTools listening on ws://localhost:49461/devtools/browser/cb8e1f98-0ea8-441f-8e71-e87adc51783a
JavaScript error: https://strefakursow.pl/, line 4737: SyntaxError: missing ] after element list
JavaScript note: https://strefakursow.pl/, line 4736: [ opened at line 4736, column 21
JavaScript error: https://strefakursow.pl/redesign/js/main-build.js?v=1657704742046, line 14: ReferenceError: dataRecommend is not defined
1657711313623	Marionette	INFO	Stopped listening on port 49473
console.warn: TopSitesFeed: Failed to fetch data from Contile server: NetworkError when attempting to fetch resource.
JavaScript error: resource://gre/modules/UrlClassifierListManager.jsm, line 694: TypeError: this.tablesData[table] is undefined
1657711317714	geckodriver	INFO	Listening on 127.0.0.1:49583
1657711320769	mozrunner::runner	INFO	Running command: "C:\\Program Files\\Mozilla Firefox\\firefox.exe" "--marionette" "--remote-debugging-port" "49584" "--remote-allow-hosts" "localhost" "-no-remote" "-profile" "C:\\Users\\knapd\\AppData\\Local\\Temp\\rust_mozprofile78CQS8"
1657711321138	Marionette	INFO	Marionette enabled
1657711321143	Marionette	INFO	Listening on port 49593
WebDriver BiDi listening on ws://localhost:49584
Read port: 49593
1657711321680	RemoteAgent	WARN	TLS certificate errors will be ignored for this session
console.warn: SearchSettings: "get: No settings file exists, new profile?" (new NotFoundError("Could not open the file at C:\\Users\\knapd\\AppData\\Local\\Temp\\rust_mozprofile78CQS8\\search.json.mozlz4", (void 0)))
DevTools listening on ws://localhost:49584/devtools/browser/51e0bd81-e421-4be2-b7c7-c1fd61e0dcd5
JavaScript error: https://strefakursow.pl/, line 4737: SyntaxError: missing ] after element list
JavaScript note: https://strefakursow.pl/, line 4736: [ opened at line 4736, column 21
JavaScript error: https://strefakursow.pl/redesign/js/main-build.js?v=1657704742046, line 14: ReferenceError: dataRecommend is not defined
JavaScript error: https://strefakursow.pl/redesign/js/main-build.js?v=1657704742046, line 12: ReferenceError: Swiper is not defined
JavaScript error: https://strefakursow.pl/redesign/js/main-build.js?v=1657704742046, line 12: TypeError: e is null
JavaScript error: https://strefakursow.pl/redesign/js/main-build.js?v=1657704742046, line 14: ReferenceError: dataRecommend is not defined
1657711405436	Marionette	INFO	Stopped listening on port 49593
console.warn: TopSitesFeed: Failed to fetch data from Contile server: NetworkError when attempting to fetch resource.
1657711696837	geckodriver	INFO	Listening on 127.0.0.1:49861
1657711699882	mozrunner::runner	INFO	Running command: "C:\\Program Files\\Mozilla Firefox\\firefox.exe" "--marionette" "--remote-debugging-port" "49862" "--remote-allow-hosts" "localhost" "-no-remote" "-profile" "C:\\Users\\knapd\\AppData\\Local\\Temp\\rust_mozprofilep4GOVu"
1657711700218	Marionette	INFO	Marionette enabled
1657711700223	Marionette	INFO	Listening on port 49874
WebDriver BiDi listening on ws://localhost:49862
Read port: 49874
1657711700812	RemoteAgent	WARN	TLS certificate errors will be ignored for this session
console.warn: SearchSettings: "get: No settings file exists, new profile?" (new NotFoundError("Could not open the file at C:\\Users\\knapd\\AppData\\Local\\Temp\\rust_mozprofilep4GOVu\\search.json.mozlz4", (void 0)))
DevTools listening on ws://localhost:49862/devtools/browser/18f464e0-c224-45aa-b728-338cc998e0ee
JavaScript error: https://strefakursow.pl/, line 4737: SyntaxError: missing ] after element list
JavaScript note: https://strefakursow.pl/, line 4736: [ opened at line 4736, column 21
JavaScript error: https://strefakursow.pl/redesign/js/main-build.js?v=1657704742046, line 14: ReferenceError: dataRecommend is not defined
JavaScript error: https://strefakursow.pl/redesign/js/main-build.js?v=1657704742046, line 12: ReferenceError: Swiper is not defined
JavaScript error: https://strefakursow.pl/redesign/js/main-build.js?v=1657704742046, line 12: TypeError: e is null
JavaScript error: https://strefakursow.pl/redesign/js/main-build.js?v=1657704742046, line 14: ReferenceError: dataRecommend is not defined
1657711784207	Marionette	INFO	Stopped listening on port 49874
console.warn: TopSitesFeed: Failed to fetch data from Contile server: NetworkError when attempting to fetch resource.
1657711786039	geckodriver	INFO	Listening on 127.0.0.1:50060
1657711789100	mozrunner::runner	INFO	Running command: "C:\\Program Files\\Mozilla Firefox\\firefox.exe" "--marionette" "--remote-debugging-port" "50061" "--remote-allow-hosts" "localhost" "-no-remote" "-profile" "C:\\Users\\knapd\\AppData\\Local\\Temp\\rust_mozprofile4b97mp"
1657711789522	Marionette	INFO	Marionette enabled
1657711789526	Marionette	INFO	Listening on port 50072
WebDriver BiDi listening on ws://localhost:50061
Read port: 50072
1657711790035	RemoteAgent	WARN	TLS certificate errors will be ignored for this session
console.warn: SearchSettings: "get: No settings file exists, new profile?" (new NotFoundError("Could not open the file at C:\\Users\\knapd\\AppData\\Local\\Temp\\rust_mozprofile4b97mp\\search.json.mozlz4", (void 0)))
DevTools listening on ws://localhost:50061/devtools/browser/d0332658-2eed-43a9-9f69-9cd2ef5f5e84
JavaScript error: https://strefakursow.pl/redesign/js/main-build.js?v=1657704742046, line 12: ReferenceError: Swiper is not defined
JavaScript error: https://strefakursow.pl/redesign/js/main-build.js?v=1657704742046, line 12: TypeError: e is null
JavaScript error: https://strefakursow.pl/redesign/js/main-build.js?v=1657704742046, line 14: ReferenceError: dataRecommend is not defined
console.warn: LoginRecipes: "getRecipes: falling back to a synchronous message for:" "https://strefakursow.pl"
console.warn: LoginRecipes: "getRecipes: falling back to a synchronous message for:" "https://strefakursow.pl"
console.warn: LoginRecipes: "getRecipes: falling back to a synchronous message for:" "https://strefakursow.pl"
console.warn: LoginRecipes: "getRecipes: falling back to a synchronous message for:" "https://strefakursow.pl"
console.warn: LoginRecipes: "getRecipes: falling back to a synchronous message for:" "https://strefakursow.pl"
console.warn: LoginRecipes: "getRecipes: falling back to a synchronous message for:" "https://strefakursow.pl"
JavaScript error: https://strefakursow.pl/redesign/js/main-build.js?v=1657704742046, line 12: ReferenceError: Swiper is not defined
JavaScript error: https://strefakursow.pl/redesign/js/main-build.js?v=1657704742046, line 12: TypeError: e is null
JavaScript error: https://strefakursow.pl/redesign/js/main-build.js?v=1657704742046, line 14: ReferenceError: dataRecommend is not defined
1657711828016	Marionette	INFO	Stopped listening on port 50072
console.warn: TopSitesFeed: Failed to fetch data from Contile server: NetworkError when attempting to fetch resource.
1657712133488	geckodriver	INFO	Listening on 127.0.0.1:50448
1657712136588	mozrunner::runner	INFO	Running command: "C:\\Program Files\\Mozilla Firefox\\firefox.exe" "--marionette" "--remote-debugging-port" "50449" "--remote-allow-hosts" "localhost" "-no-remote" "-profile" "C:\\Users\\knapd\\AppData\\Local\\Temp\\rust_mozprofileEBJk8L"
1657712136992	Marionette	INFO	Marionette enabled
1657712136997	Marionette	INFO	Listening on port 50459
WebDriver BiDi listening on ws://localhost:50449
Read port: 50459
1657712137557	RemoteAgent	WARN	TLS certificate errors will be ignored for this session
console.warn: SearchSettings: "get: No settings file exists, new profile?" (new NotFoundError("Could not open the file at C:\\Users\\knapd\\AppData\\Local\\Temp\\rust_mozprofileEBJk8L\\search.json.mozlz4", (void 0)))
DevTools listening on ws://localhost:50449/devtools/browser/d721549e-c276-4294-838e-4e2002f948e1
JavaScript error: https://strefakursow.pl/, line 4737: SyntaxError: missing ] after element list
JavaScript note: https://strefakursow.pl/, line 4736: [ opened at line 4736, column 21
JavaScript error: https://strefakursow.pl/redesign/js/main-build.js?v=1657704742046, line 14: ReferenceError: dataRecommend is not defined
JavaScript error: https://strefakursow.pl/redesign/js/main-build.js?v=1657704742046, line 12: ReferenceError: Swiper is not defined
JavaScript error: https://strefakursow.pl/redesign/js/main-build.js?v=1657704742046, line 12: TypeError: e is null
JavaScript error: https://strefakursow.pl/redesign/js/main-build.js?v=1657704742046, line 14: ReferenceError: dataRecommend is not defined
console.warn: LoginRecipes: "getRecipes: falling back to a synchronous message for:" "https://strefakursow.pl"
console.warn: LoginRecipes: "getRecipes: falling back to a synchronous message for:" "https://strefakursow.pl"
JavaScript error: resource://gre/modules/LoginManagerParent.jsm, line 136: TypeError: gRecipeManager is null
console.warn: LoginRecipes: "getRecipes: falling back to a synchronous message for:" "https://strefakursow.pl"
JavaScript error: resource://gre/modules/LoginManagerParent.jsm, line 136: TypeError: gRecipeManager is null
console.warn: LoginRecipes: "getRecipes: falling back to a synchronous message for:" "https://strefakursow.pl"
JavaScript error: resource://gre/modules/LoginManagerParent.jsm, line 136: TypeError: gRecipeManager is null
console.warn: LoginRecipes: "getRecipes: falling back to a synchronous message for:" "https://strefakursow.pl"
JavaScript error: resource://gre/modules/LoginManagerParent.jsm, line 136: TypeError: gRecipeManager is null
console.warn: LoginRecipes: "getRecipes: falling back to a synchronous message for:" "https://strefakursow.pl"
JavaScript error: resource://gre/modules/LoginManagerParent.jsm, line 136: TypeError: gRecipeManager is null
JavaScript error: https://strefakursow.pl/redesign/js/main-build.js?v=1657704742046, line 12: ReferenceError: Swiper is not defined
JavaScript error: https://strefakursow.pl/redesign/js/main-build.js?v=1657704742046, line 12: TypeError: e is null
JavaScript error: https://strefakursow.pl/redesign/js/main-build.js?v=1657704742046, line 14: ReferenceError: dataRecommend is not defined
JavaScript error: https://strefakursow.pl/redesign/js/main-build.js?v=1657704742046, line 12: TypeError: e is null
JavaScript error: resource://gre/modules/AsyncShutdown.jsm, line 575: NotFoundError: No such JSWindowActor 'DevToolsFrame'
JavaScript error: resource://gre/modules/AsyncShutdown.jsm, line 575: NotFoundError: No such JSWindowActor 'DevToolsFrame'
JavaScript error: resource://gre/modules/AsyncShutdown.jsm, line 575: NotFoundError: No such JSWindowActor 'DevToolsFrame'
JavaScript error: resource://gre/modules/AsyncShutdown.jsm, line 575: NotFoundError: No such JSWindowActor 'DevToolsFrame'
JavaScript error: resource://gre/modules/AsyncShutdown.jsm, line 575: NotFoundError: No such JSWindowActor 'DevToolsFrame'
JavaScript error: resource://gre/modules/AsyncShutdown.jsm, line 575: NotFoundError: No such JSWindowActor 'DevToolsFrame'
JavaScript error: resource://gre/modules/AsyncShutdown.jsm, line 575: NotFoundError: No such JSWindowActor 'DevToolsFrame'
JavaScript error: resource://gre/modules/AsyncShutdown.jsm, line 575: NotFoundError: No such JSWindowActor 'DevToolsFrame'
JavaScript error: resource://gre/modules/AsyncShutdown.jsm, line 575: NotFoundError: No such JSWindowActor 'DevToolsFrame'
1657712213190	Marionette	INFO	Stopped listening on port 50459
1657712221411	geckodriver	INFO	Listening on 127.0.0.1:50646
1657712224452	mozrunner::runner	INFO	Running command: "C:\\Program Files\\Mozilla Firefox\\firefox.exe" "--marionette" "--remote-debugging-port" "50647" "--remote-allow-hosts" "localhost" "-no-remote" "-profile" "C:\\Users\\knapd\\AppData\\Local\\Temp\\rust_mozprofilegbpgnD"
1657712225718	Marionette	INFO	Marionette enabled
1657712225722	Marionette	INFO	Listening on port 50658
WebDriver BiDi listening on ws://localhost:50647
Read port: 50658
1657712226287	RemoteAgent	WARN	TLS certificate errors will be ignored for this session
console.warn: SearchSettings: "get: No settings file exists, new profile?" (new NotFoundError("Could not open the file at C:\\Users\\knapd\\AppData\\Local\\Temp\\rust_mozprofilegbpgnD\\search.json.mozlz4", (void 0)))
DevTools listening on ws://localhost:50647/devtools/browser/9fa7f552-f63d-4fb3-a45c-b7364e63dba4
JavaScript error: https://strefakursow.pl/, line 4737: SyntaxError: missing ] after element list
JavaScript note: https://strefakursow.pl/, line 4736: [ opened at line 4736, column 21
JavaScript error: https://strefakursow.pl/redesign/js/main-build.js?v=1657704742046, line 14: ReferenceError: dataRecommend is not defined
JavaScript error: https://strefakursow.pl/redesign/js/main-build.js?v=1657704742046, line 12: ReferenceError: Swiper is not defined
JavaScript error: https://strefakursow.pl/redesign/js/main-build.js?v=1657704742046, line 12: TypeError: e is null
JavaScript error: https://strefakursow.pl/redesign/js/main-build.js?v=1657704742046, line 14: ReferenceError: dataRecommend is not defined
1657712305163	Marionette	INFO	Stopped listening on port 50658
console.warn: TopSitesFeed: Failed to fetch data from Contile server: NetworkError when attempting to fetch resource.
1657712471262	geckodriver	INFO	Listening on 127.0.0.1:50909
1657712474334	mozrunner::runner	INFO	Running command: "C:\\Program Files\\Mozilla Firefox\\firefox.exe" "--marionette" "--remote-debugging-port" "50910" "--remote-allow-hosts" "localhost" "-no-remote" "-profile" "C:\\Users\\knapd\\AppData\\Local\\Temp\\rust_mozprofilenv2dx8"
1657712474700	Marionette	INFO	Marionette enabled
1657712474704	Marionette	INFO	Listening on port 50920
WebDriver BiDi listening on ws://localhost:50910
Read port: 50920
1657712475146	RemoteAgent	WARN	TLS certificate errors will be ignored for this session
console.warn: SearchSettings: "get: No settings file exists, new profile?" (new NotFoundError("Could not open the file at C:\\Users\\knapd\\AppData\\Local\\Temp\\rust_mozprofilenv2dx8\\search.json.mozlz4", (void 0)))
DevTools listening on ws://localhost:50910/devtools/browser/cbd5e62b-df06-465b-933c-52a6a02e48d2
console.warn: LoginRecipes: "getRecipes: falling back to a synchronous message for:" "https://www.betclic.pl"
console.warn: LoginRecipes: "getRecipes: falling back to a synchronous message for:" "https://www.betclic.pl"
1657712501496	Marionette	INFO	Stopped listening on port 50920
1657712527610	geckodriver	INFO	Listening on 127.0.0.1:51092
1657712530664	mozrunner::runner	INFO	Running command: "C:\\Program Files\\Mozilla Firefox\\firefox.exe" "--marionette" "--remote-debugging-port" "51093" "--remote-allow-hosts" "localhost" "-no-remote" "-profile" "C:\\Users\\knapd\\AppData\\Local\\Temp\\rust_mozprofilevTBxuv"
1657712531009	Marionette	INFO	Marionette enabled
1657712531014	Marionette	INFO	Listening on port 51103
WebDriver BiDi listening on ws://localhost:51093
Read port: 51103
1657712531503	RemoteAgent	WARN	TLS certificate errors will be ignored for this session
console.warn: SearchSettings: "get: No settings file exists, new profile?" (new NotFoundError("Could not open the file at C:\\Users\\knapd\\AppData\\Local\\Temp\\rust_mozprofilevTBxuv\\search.json.mozlz4", (void 0)))
DevTools listening on ws://localhost:51093/devtools/browser/a0daa185-d2ff-4850-bc9f-1a20ef72b0cc
console.warn: LoginRecipes: "getRecipes: falling back to a synchronous message for:" "https://www.betclic.pl"
console.warn: LoginRecipes: "getRecipes: falling back to a synchronous message for:" "https://www.betclic.pl"
1657712566187	Marionette	INFO	Stopped listening on port 51103
console.warn: TopSitesFeed: Failed to fetch data from Contile server: NetworkError when attempting to fetch resource.
1657712619228	geckodriver	INFO	Listening on 127.0.0.1:51266
1657712622287	mozrunner::runner	INFO	Running command: "C:\\Program Files\\Mozilla Firefox\\firefox.exe" "--marionette" "--remote-debugging-port" "51267" "--remote-allow-hosts" "localhost" "-no-remote" "-profile" "C:\\Users\\knapd\\AppData\\Local\\Temp\\rust_mozprofilefSc6jJ"
1657712622795	Marionette	INFO	Marionette enabled
1657712622799	Marionette	INFO	Listening on port 51278
WebDriver BiDi listening on ws://localhost:51267
Read port: 51278
1657712623300	RemoteAgent	WARN	TLS certificate errors will be ignored for this session
console.warn: SearchSettings: "get: No settings file exists, new profile?" (new NotFoundError("Could not open the file at C:\\Users\\knapd\\AppData\\Local\\Temp\\rust_mozprofilefSc6jJ\\search.json.mozlz4", (void 0)))
DevTools listening on ws://localhost:51267/devtools/browser/c78a2aad-93cc-4d54-989f-73445b9387fd
console.warn: LoginRecipes: "getRecipes: falling back to a synchronous message for:" "https://www.betclic.pl"
console.warn: LoginRecipes: "getRecipes: falling back to a synchronous message for:" "https://www.betclic.pl"
1657712712047	Marionette	INFO	Stopped listening on port 51278
console.warn: TopSitesFeed: Failed to fetch data from Contile server: NetworkError when attempting to fetch resource.
[Parent 16052, IPC I/O Parent] WARNING: file /builds/worker/checkouts/gecko/ipc/chromium/src/base/process_util_win.cc:167
\\Temp\\rust_mozprofileCKBYhq"
1657712669583	Marionette	INFO	Marionette enabled
1657712669588	Marionette	INFO	Listening on port 51436
WebDriver BiDi listening on ws://localhost:51426
Read port: 51436
1657712670057	RemoteAgent	WARN	TLS certificate errors will be ignored for this session
console.warn: SearchSettings: "get: No settings file exists, new profile?" (new NotFoundError("Could not open the file at C:\\Users\\knapd\\AppData\\Local\\Temp\\rust_mozprofileCKBYhq\\search.json.mozlz4", (void 0)))
DevTools listening on ws://localhost:51426/devtools/browser/9259057d-d645-4cb8-a832-7f73773cbd64
console.warn: LoginRecipes: "getRecipes: falling back to a synchronous message for:" "https://www.betclic.pl"
console.warn: LoginRecipes: "getRecipes: falling back to a synchronous message for:" "https://www.betclic.pl"
1657712870666	geckodriver	INFO	Listening on 127.0.0.1:57551
1657712873727	mozrunner::runner	INFO	Running command: "C:\\Program Files\\Mozilla Firefox\\firefox.exe" "--marionette" "--remote-debugging-port" "57552" "--remote-allow-hosts" "localhost" "-no-remote" "-profile" "C:\\Users\\knapd\\AppData\\Local\\Temp\\rust_mozprofileRwttS8"
1657712874135	Marionette	INFO	Marionette enabled
1657712874140	Marionette	INFO	Listening on port 57563
WebDriver BiDi listening on ws://localhost:57552
Read port: 57563
1657712874627	RemoteAgent	WARN	TLS certificate errors will be ignored for this session
console.warn: SearchSettings: "get: No settings file exists, new profile?" (new NotFoundError("Could not open the file at C:\\Users\\knapd\\AppData\\Local\\Temp\\rust_mozprofileRwttS8\\search.json.mozlz4", (void 0)))
DevTools listening on ws://localhost:57552/devtools/browser/76cfa82d-d9e8-469d-8371-4598e8e73a54
JavaScript error: https://strefakursow.pl/, line 4734: SyntaxError: missing ] after element list
JavaScript note: https://strefakursow.pl/, line 4733: [ opened at line 4733, column 21
JavaScript error: https://strefakursow.pl/redesign/js/main-build.js?v=1657704742046, line 14: ReferenceError: dataRecommend is not defined
1657712883828	Marionette	INFO	Stopped listening on port 57563
JavaScript error: resource://gre/modules/UrlClassifierListManager.jsm, line 694: TypeError: this.tablesData[table] is undefined
console.warn: TopSitesFeed: Failed to fetch data from Contile server: NetworkError when attempting to fetch resource.
JavaScript error: resource://gre/modules/Sqlite.jsm, line 1105: Error: Sqlite.jsm has been shutdown. Cannot open connection to: C:\Users\knapd\AppData\Local\Temp\rust_mozprofileRwttS8\protections.sqlite
1657712888418	geckodriver	INFO	Listening on 127.0.0.1:57679
1657712891483	mozrunner::runner	INFO	Running command: "C:\\Program Files\\Mozilla Firefox\\firefox.exe" "--marionette" "--remote-debugging-port" "57680" "--remote-allow-hosts" "localhost" "-no-remote" "-profile" "C:\\Users\\knapd\\AppData\\Local\\Temp\\rust_mozprofileI0nHDH"
1657712891839	Marionette	INFO	Marionette enabled
1657712891843	Marionette	INFO	Listening on port 57692
WebDriver BiDi listening on ws://localhost:57680
Read port: 57692
1657712892362	RemoteAgent	WARN	TLS certificate errors will be ignored for this session
console.warn: SearchSettings: "get: No settings file exists, new profile?" (new NotFoundError("Could not open the file at C:\\Users\\knapd\\AppData\\Local\\Temp\\rust_mozprofileI0nHDH\\search.json.mozlz4", (void 0)))
DevTools listening on ws://localhost:57680/devtools/browser/89bd76a6-308f-40d6-80e0-bec96b8679e0
JavaScript error: https://strefakursow.pl/, line 4734: SyntaxError: missing ] after element list
JavaScript note: https://strefakursow.pl/, line 4733: [ opened at line 4733, column 21
JavaScript error: https://strefakursow.pl/redesign/js/main-build.js?v=1657704742046, line 14: ReferenceError: dataRecommend is not defined
JavaScript error: https://strefakursow.pl/redesign/js/main-build.js?v=1657704742046, line 12: ReferenceError: Swiper is not defined
JavaScript error: https://strefakursow.pl/redesign/js/main-build.js?v=1657704742046, line 12: TypeError: e is null
JavaScript error: https://strefakursow.pl/redesign/js/main-build.js?v=1657704742046, line 14: ReferenceError: dataRecommend is not defined
1657713089407	Marionette	INFO	Stopped listening on port 57692
console.warn: TopSitesFeed: Failed to fetch data from Contile server: NetworkError when attempting to fetch resource.
1657713226588	geckodriver	INFO	Listening on 127.0.0.1:58027
1657713229676	mozrunner::runner	INFO	Running command: "C:\\Program Files\\Mozilla Firefox\\firefox.exe" "--marionette" "--remote-debugging-port" "58028" "--remote-allow-hosts" "localhost" "-no-remote" "-profile" "C:\\Users\\knapd\\AppData\\Local\\Temp\\rust_mozprofileqtuejJ"
1657713230043	Marionette	INFO	Marionette enabled
1657713230047	Marionette	INFO	Listening on port 58038
WebDriver BiDi listening on ws://localhost:58028
Read port: 58038
1657713230589	RemoteAgent	WARN	TLS certificate errors will be ignored for this session
console.warn: SearchSettings: "get: No settings file exists, new profile?" (new NotFoundError("Could not open the file at C:\\Users\\knapd\\AppData\\Local\\Temp\\rust_mozprofileqtuejJ\\search.json.mozlz4", (void 0)))
DevTools listening on ws://localhost:58028/devtools/browser/5ea32cef-2d67-4478-9007-a097a4ebb1e4
1657713261354	Marionette	INFO	Stopped listening on port 58038
JavaScript error: resource://gre/modules/AsyncShutdown.jsm, line 718: Error: Phase "Sqlite.jsm: wait until all connections are closed" is finished, it is too late to register completion condition "protections.sqlite#0: waiting for shutdown"
1657713272334	geckodriver	INFO	Listening on 127.0.0.1:58129
1657713275415	mozrunner::runner	INFO	Running command: "C:\\Program Files\\Mozilla Firefox\\firefox.exe" "--marionette" "--remote-debugging-port" "58130" "--remote-allow-hosts" "localhost" "-no-remote" "-profile" "C:\\Users\\knapd\\AppData\\Local\\Temp\\rust_mozprofile2BXHrQ"
1657713275787	Marionette	INFO	Marionette enabled
1657713275792	Marionette	INFO	Listening on port 58140
WebDriver BiDi listening on ws://localhost:58130
Read port: 58140
1657713276254	RemoteAgent	WARN	TLS certificate errors will be ignored for this session
console.warn: SearchSettings: "get: No settings file exists, new profile?" (new NotFoundError("Could not open the file at C:\\Users\\knapd\\AppData\\Local\\Temp\\rust_mozprofile2BXHrQ\\search.json.mozlz4", (void 0)))
DevTools listening on ws://localhost:58130/devtools/browser/c539d966-17bb-4b67-9930-cb29f07a2f57
1657713283956	Marionette	WARN	TimedPromise timed out after 500 ms: stacktrace:
TimedPromise/<@chrome://remote/content/marionette/sync.js:234:19
TimedPromise@chrome://remote/content/marionette/sync.js:219:10
interaction.flushEventLoop@chrome://remote/content/marionette/interaction.js:431:10
webdriverClickElement@chrome://remote/content/marionette/interaction.js:179:31
JavaScript error: https://www.flashscore.com/, line 141: TypeError: e.target.parentNode is null
1657713295535	Marionette	INFO	Stopped listening on port 58140
console.warn: TopSitesFeed: Failed to fetch data from Contile server: NetworkError when attempting to fetch resource.
JavaScript error: resource://gre/modules/AsyncShutdown.jsm, line 718: Error: Phase "Sqlite.jsm: wait until all connections are closed" is finished, it is too late to register completion condition "protections.sqlite#0: waiting for shutdown"
